Using pre-set license
Built from '2020.3/china_unity/release' branch; Version is '2021.3.41f1c1 (abf9ed549ceb) revision 11270637'; Using compiler version '192829333'; Build Type 'Release'
OS: 'Windows 10  (10.0.19043) 64bit Professional' Language: 'zh' Physical Memory: 65440 MB
BatchMode: 1, IsHumanControllingUs: 0, StartBugReporterOnCrash: 0, Is64bit: 1, IsPro: 1

COMMAND LINE ARGUMENTS:
D:\Unity Hub\Editor\2021.3.41f1c1\Editor\Unity.exe
-adb2
-batchMode
-noUpm
-name
AssetImportWorker0
-projectPath
D:/UnityProject/Simple Classify/Simple Classify
-logFile
Logs/AssetImportWorker0.log
-srvPort
56774
Successfully changed project path to: D:/UnityProject/Simple Classify/Simple Classify
D:/UnityProject/Simple Classify/Simple Classify
[UnityMemory] Configuration Parameters - Can be set up in boot.config
    "memorysetup-bucket-allocator-granularity=16"
    "memorysetup-bucket-allocator-bucket-count=8"
    "memorysetup-bucket-allocator-block-size=33554432"
    "memorysetup-bucket-allocator-block-count=8"
    "memorysetup-main-allocator-block-size=16777216"
    "memorysetup-thread-allocator-block-size=16777216"
    "memorysetup-gfx-main-allocator-block-size=16777216"
    "memorysetup-gfx-thread-allocator-block-size=16777216"
    "memorysetup-cache-allocator-block-size=4194304"
    "memorysetup-typetree-allocator-block-size=2097152"
    "memorysetup-profiler-bucket-allocator-granularity=16"
    "memorysetup-profiler-bucket-allocator-bucket-count=8"
    "memorysetup-profiler-bucket-allocator-block-size=33554432"
    "memorysetup-profiler-bucket-allocator-block-count=8"
    "memorysetup-profiler-allocator-block-size=16777216"
    "memorysetup-profiler-editor-allocator-block-size=1048576"
    "memorysetup-temp-allocator-size-main=16777216"
    "memorysetup-job-temp-allocator-block-size=2097152"
    "memorysetup-job-temp-allocator-block-size-background=1048576"
    "memorysetup-job-temp-allocator-reduction-small-platforms=262144"
    "memorysetup-temp-allocator-size-background-worker=32768"
    "memorysetup-temp-allocator-size-job-worker=262144"
    "memorysetup-temp-allocator-size-preload-manager=33554432"
    "memorysetup-temp-allocator-size-nav-mesh-worker=65536"
    "memorysetup-temp-allocator-size-audio-worker=65536"
    "memorysetup-temp-allocator-size-cloud-worker=32768"
    "memorysetup-temp-allocator-size-gi-baking-worker=262144"
    "memorysetup-temp-allocator-size-gfx=262144"
Player connection [32908] Host "[IP] 192.168.31.204 [Port] 0 [Flags] 2 [Guid] 2833692435 [EditorId] 2833692435 [Version] 1048832 [Id] WindowsEditor(7,BF-202501021008) [Debug] 1 [PackageName] WindowsEditor [ProjectName] Editor" joined multi-casting on [225.0.0.222:54997]...

Player connection [32908] Host "[IP] 192.168.31.204 [Port] 0 [Flags] 2 [Guid] 2833692435 [EditorId] 2833692435 [Version] 1048832 [Id] WindowsEditor(7,BF-202501021008) [Debug] 1 [PackageName] WindowsEditor [ProjectName] Editor" joined alternative multi-casting on [225.0.0.222:34997]...

AS: AutoStreaming module initializing.
[Physics::Module] Initialized MultithreadedJobDispatcher with {0} workers.
Refreshing native plugins compatible for Editor in 96.62 ms, found 4 plugins.
Preloading 0 native plugins for Editor in 0.00 ms.
Initialize engine version: 2021.3.41f1c1 (abf9ed549ceb)
[Subsystems] Discovering subsystems at path D:/Unity Hub/Editor/2021.3.41f1c1/Editor/Data/Resources/UnitySubsystems
[Subsystems] Discovering subsystems at path D:/UnityProject/Simple Classify/Simple Classify/Assets
GfxDevice: creating device client; threaded=0; jobified=0
Direct3D:
    Version:  Direct3D 11.0 [level 11.1]
    Renderer: NVIDIA GeForce GTX 1050 (ID=0x1c8d)
    Vendor:   NVIDIA
    VRAM:     4004 MB
    Driver:   32.0.15.6636
Initialize mono
Mono path[0] = 'D:/Unity Hub/Editor/2021.3.41f1c1/Editor/Data/Managed'
Mono path[1] = 'D:/Unity Hub/Editor/2021.3.41f1c1/Editor/Data/MonoBleedingEdge/lib/mono/unityjit-win32'
Mono config path = 'D:/Unity Hub/Editor/2021.3.41f1c1/Editor/Data/MonoBleedingEdge/etc'
Using monoOptions --debugger-agent=transport=dt_socket,embedding=1,server=y,suspend=n,address=127.0.0.1:56532
Begin MonoManager ReloadAssembly
Registering precompiled unity dll's ...
Register platform support module: D:/Unity Hub/Editor/2021.3.41f1c1/Editor/Data/PlaybackEngines/WebGLSupport/UnityEditor.WebGL.Extensions.dll
Register platform support module: D:/Unity Hub/Editor/2021.3.41f1c1/Editor/Data/PlaybackEngines/WindowsStandaloneSupport/UnityEditor.WindowsStandalone.Extensions.dll
Registered in 0.005087 seconds.
Native extension for WindowsStandalone target not found
Native extension for WebGL target not found
Refreshing native plugins compatible for Editor in 87.81 ms, found 4 plugins.
Preloading 0 native plugins for Editor in 0.00 ms.
Mono: successfully reloaded assembly
- Completed reload, in  0.838 seconds
Domain Reload Profiling:
	ReloadAssembly (838ms)
		BeginReloadAssembly (123ms)
			ExecutionOrderSort (0ms)
			DisableScriptedObjects (0ms)
			BackupInstance (0ms)
			ReleaseScriptingObjects (0ms)
			CreateAndSetChildDomain (1ms)
		EndReloadAssembly (586ms)
			LoadAssemblies (121ms)
			RebuildTransferFunctionScriptingTraits (0ms)
			SetupTypeCache (150ms)
			ReleaseScriptCaches (0ms)
			RebuildScriptCaches (37ms)
			SetupLoadedEditorAssemblies (345ms)
				LogAssemblyErrors (0ms)
				InitializePlatformSupportModulesInManaged (10ms)
				SetLoadedEditorAssemblies (0ms)
				RefreshPlugins (88ms)
				BeforeProcessingInitializeOnLoad (2ms)
				ProcessInitializeOnLoadAttributes (184ms)
				ProcessInitializeOnLoadMethodAttributes (61ms)
				AfterProcessingInitializeOnLoad (0ms)
				EditorAssembliesLoaded (0ms)
			ExecutionOrderSort2 (0ms)
			AwakeInstancesAfterBackupRestoration (0ms)
Platform modules already initialized, skipping
Registering precompiled user dll's ...
Registered in 0.014247 seconds.
Begin MonoManager ReloadAssembly
Native extension for WindowsStandalone target not found
Native extension for WebGL target not found
Refreshing native plugins compatible for Editor in 87.18 ms, found 4 plugins.
Preloading 0 native plugins for Editor in 0.00 ms.
Package Manager log level set to [2]
[Package Manager] Server::EnsureServerProcessIsRunning -- launch failed, reason: Unity was launched with the -noUpm command-line argument
[Package Manager] Cannot connect to Unity Package Manager local server
Mono: successfully reloaded assembly
- Completed reload, in  2.083 seconds
Domain Reload Profiling:
	ReloadAssembly (2084ms)
		BeginReloadAssembly (185ms)
			ExecutionOrderSort (0ms)
			DisableScriptedObjects (8ms)
			BackupInstance (0ms)
			ReleaseScriptingObjects (0ms)
			CreateAndSetChildDomain (27ms)
		EndReloadAssembly (1730ms)
			LoadAssemblies (152ms)
			RebuildTransferFunctionScriptingTraits (0ms)
			SetupTypeCache (440ms)
			ReleaseScriptCaches (1ms)
			RebuildScriptCaches (81ms)
			SetupLoadedEditorAssemblies (1037ms)
				LogAssemblyErrors (0ms)
				InitializePlatformSupportModulesInManaged (6ms)
				SetLoadedEditorAssemblies (0ms)
				RefreshPlugins (87ms)
				BeforeProcessingInitializeOnLoad (94ms)
				ProcessInitializeOnLoadAttributes (767ms)
				ProcessInitializeOnLoadMethodAttributes (72ms)
				AfterProcessingInitializeOnLoad (8ms)
				EditorAssembliesLoaded (0ms)
			ExecutionOrderSort2 (0ms)
			AwakeInstancesAfterBackupRestoration (8ms)
Platform modules already initialized, skipping
========================================================================
Worker process is ready to serve import requests
Launched and connected shader compiler UnityShaderCompiler.exe after 0.07 seconds
Refreshing native plugins compatible for Editor in 1.20 ms, found 4 plugins.
Preloading 0 native plugins for Editor in 0.00 ms.
Unloading 3897 Unused Serialized files (Serialized files now loaded: 0)
Unloading 57 unused Assets / (47.5 KB). Loaded Objects now: 4357.
Memory consumption went from 153.0 MB to 153.0 MB.
Total: 4.450200 ms (FindLiveObjects: 0.426600 ms CreateObjectMapping: 0.252400 ms MarkObjects: 3.674500 ms  DeleteObjects: 0.095800 ms)

AssetImportParameters requested are different than current active one (requested -> active):
  custom:video-decoder-ogg-theora: a1e56fd34408186e4bbccfd4996cb3dc -> 
  custom:container-muxer-webm: aa71ff27fc2769a1b78a27578f13a17b -> 
  custom:container-demuxer-webm: 4f35f7cbe854078d1ac9338744f61a02 -> 
  custom:video-encoder-webm-vp8: eb34c28f22e8b96e1ab97ce403110664 -> 
  custom:CustomObjectIndexerAttribute: bc11b3a6c3213fcdd17b65e7da85e133 -> 
  custom:audio-encoder-webm-vorbis: bf7c407c2cedff20999df2af8eb42d56 -> 
  custom:framework-win-MediaFoundation: 216162199b28c13a410421893ffa2e32 -> 
  custom:SearchIndexIgnoredProperties: e643bd26f0fe6173181afceb89e7c659 -> 
  custom:container-demuxer-ogg: 62fdf1f143b41e24485cea50d1cbac27 -> 
  custom:video-decoder-webm-vp8: 9c59270c3fd7afecdb556c50c9e8de78 -> 
  custom:audio-decoder-ogg-vorbis: bf7c407c2cedff20999df2af8eb42d56 -> 
========================================================================
Received Import Request.
  Time since last request: 31836.916468 seconds.
  path: Assets/Classify/Scriptables
  artifactKey: Guid(3a8c3c627eea85e4d9c5937debdf4617) Importer(815301076,1909f56bfc062723c751e8b465ee728b)
Number of updated assets reloaded before import = 0
Start importing Assets/Classify/Scriptables using Guid(3a8c3c627eea85e4d9c5937debdf4617) Importer(815301076,1909f56bfc062723c751e8b465ee728b)  -> (artifact id: '1c3633df65dd509eb3000f0ffd0b96c7') in 0.009937 seconds 
Number of asset objects unloaded after import = 0
========================================================================
Received Import Request.
  Time since last request: 70.322251 seconds.
  path: Assets/Classify/Scripts/Common
  artifactKey: Guid(2e0ad4fda993b244abf88b3dab0ed624) Importer(815301076,1909f56bfc062723c751e8b465ee728b)
Number of updated assets reloaded before import = 0
Start importing Assets/Classify/Scripts/Common using Guid(2e0ad4fda993b244abf88b3dab0ed624) Importer(815301076,1909f56bfc062723c751e8b465ee728b)  -> (artifact id: '3c50fd10f879363ff6d97ea015a58f57') in 0.001301 seconds 
Number of asset objects unloaded after import = 0
========================================================================
Received Import Request.
  Time since last request: 2.019552 seconds.
  path: Assets/Classify/Scripts/Common/Events
  artifactKey: Guid(f8fd747c4b5a9d147be60753ed8755c5) Importer(815301076,1909f56bfc062723c751e8b465ee728b)
Number of updated assets reloaded before import = 0
Start importing Assets/Classify/Scripts/Common/Events using Guid(f8fd747c4b5a9d147be60753ed8755c5) Importer(815301076,1909f56bfc062723c751e8b465ee728b)  -> (artifact id: 'f9416308d9fa68b10ed732a0212dde39') in 0.001371 seconds 
Number of asset objects unloaded after import = 0
========================================================================
Received Import Request.
  Time since last request: 1.588257 seconds.
  path: Assets/Classify/Scripts/Common/Events/ScriptableObjects
  artifactKey: Guid(39e6bddc8d2c1a3488856d3243fc2eb4) Importer(815301076,1909f56bfc062723c751e8b465ee728b)
Number of updated assets reloaded before import = 0
Start importing Assets/Classify/Scripts/Common/Events/ScriptableObjects using Guid(39e6bddc8d2c1a3488856d3243fc2eb4) Importer(815301076,1909f56bfc062723c751e8b465ee728b)  -> (artifact id: 'bcca25325595500ab516d6870fa6d728') in 0.001393 seconds 
Number of asset objects unloaded after import = 0
========================================================================
Received Import Request.
  Time since last request: 3.609800 seconds.
  path: Assets/Classify/Scripts/Common/Events/ScriptableObjects/BoolEventChannelSO.cs
  artifactKey: Guid(3177d113f09ae42448cde1e1a5067d4f) Importer(815301076,1909f56bfc062723c751e8b465ee728b)
Number of updated assets reloaded before import = 0
Start importing Assets/Classify/Scripts/Common/Events/ScriptableObjects/BoolEventChannelSO.cs using Guid(3177d113f09ae42448cde1e1a5067d4f) Importer(815301076,1909f56bfc062723c751e8b465ee728b)  -> (artifact id: '743157699805c0bbcfaed881f62fa2cb') in 0.017688 seconds 
Number of asset objects unloaded after import = 0
========================================================================
Received Import Request.
  Time since last request: 35.132227 seconds.
  path: Assets/Classify/Scripts/Common/Events/ScriptableObjects/EventChannelBaseSO.cs
  artifactKey: Guid(0ffcf2cd9e5ed8041912ce6b98b29b5d) Importer(815301076,1909f56bfc062723c751e8b465ee728b)
Number of updated assets reloaded before import = 0
Start importing Assets/Classify/Scripts/Common/Events/ScriptableObjects/EventChannelBaseSO.cs using Guid(0ffcf2cd9e5ed8041912ce6b98b29b5d) Importer(815301076,1909f56bfc062723c751e8b465ee728b)  -> (artifact id: 'a5c0997b9215c88518807eb6ea5f35c9') in 0.001366 seconds 
Number of asset objects unloaded after import = 0
========================================================================
Received Import Request.
  Time since last request: 11.714488 seconds.
  path: Assets/Classify/Scripts/Common/Events/ScriptableObjects/GameObjectEventChannelSO.cs
  artifactKey: Guid(1524e823eb557994daaaafcde7f7f309) Importer(815301076,1909f56bfc062723c751e8b465ee728b)
Number of updated assets reloaded before import = 0
Start importing Assets/Classify/Scripts/Common/Events/ScriptableObjects/GameObjectEventChannelSO.cs using Guid(1524e823eb557994daaaafcde7f7f309) Importer(815301076,1909f56bfc062723c751e8b465ee728b)  -> (artifact id: '5ee883179d9b223b7901388538c0c9ab') in 0.001256 seconds 
Number of asset objects unloaded after import = 0
========================================================================
Received Import Request.
  Time since last request: 9.206031 seconds.
  path: Assets/Classify/Scripts/Common/Events/ScriptableObjects/IntEventChannelSO.cs
  artifactKey: Guid(696142ab7e0adf0478f66a5c9e06a168) Importer(815301076,1909f56bfc062723c751e8b465ee728b)
Number of updated assets reloaded before import = 0
Start importing Assets/Classify/Scripts/Common/Events/ScriptableObjects/IntEventChannelSO.cs using Guid(696142ab7e0adf0478f66a5c9e06a168) Importer(815301076,1909f56bfc062723c751e8b465ee728b)  -> (artifact id: '674ba1f3b62bb8f5ed17a60204078a99') in 0.001361 seconds 
Number of asset objects unloaded after import = 0
========================================================================
Received Import Request.
  Time since last request: 54.459788 seconds.
  path: Assets/Classify/Scripts/Common/Events/ScriptableObjects/IntEventChannelSO.cs
  artifactKey: Guid(696142ab7e0adf0478f66a5c9e06a168) Importer(815301076,1909f56bfc062723c751e8b465ee728b)
Number of updated assets reloaded before import = 0
Start importing Assets/Classify/Scripts/Common/Events/ScriptableObjects/IntEventChannelSO.cs using Guid(696142ab7e0adf0478f66a5c9e06a168) Importer(815301076,1909f56bfc062723c751e8b465ee728b)  -> (artifact id: '80b253c1189a0abc836247d0e37858f5') in 0.001433 seconds 
Number of asset objects unloaded after import = 0
========================================================================
Received Import Request.
  Time since last request: 25.237192 seconds.
  path: Assets/Classify/Scripts/Common/Events/ScriptableObjects/TransformEventChannelSO.cs
  artifactKey: Guid(e5d62472420234949aa61408039f315b) Importer(815301076,1909f56bfc062723c751e8b465ee728b)
Number of updated assets reloaded before import = 0
Start importing Assets/Classify/Scripts/Common/Events/ScriptableObjects/TransformEventChannelSO.cs using Guid(e5d62472420234949aa61408039f315b) Importer(815301076,1909f56bfc062723c751e8b465ee728b)  -> (artifact id: 'ea82f219aef87331d048176016c984ab') in 0.001376 seconds 
Number of asset objects unloaded after import = 0
========================================================================
Received Prepare
Registering precompiled user dll's ...
Registered in 0.015190 seconds.
Begin MonoManager ReloadAssembly
Native extension for WindowsStandalone target not found
Native extension for WebGL target not found
Refreshing native plugins compatible for Editor in 1.10 ms, found 4 plugins.
Preloading 0 native plugins for Editor in 0.00 ms.
[Package Manager] Server::EnsureServerProcessIsRunning -- launch failed, reason: Unity was launched with the -noUpm command-line argument
[Package Manager] Cannot connect to Unity Package Manager local server
Mono: successfully reloaded assembly
- Completed reload, in  1.800 seconds
Domain Reload Profiling:
	ReloadAssembly (1801ms)
		BeginReloadAssembly (218ms)
			ExecutionOrderSort (0ms)
			DisableScriptedObjects (8ms)
			BackupInstance (0ms)
			ReleaseScriptingObjects (0ms)
			CreateAndSetChildDomain (63ms)
		EndReloadAssembly (1457ms)
			LoadAssemblies (129ms)
			RebuildTransferFunctionScriptingTraits (0ms)
			SetupTypeCache (404ms)
			ReleaseScriptCaches (2ms)
			RebuildScriptCaches (57ms)
			SetupLoadedEditorAssemblies (841ms)
				LogAssemblyErrors (0ms)
				InitializePlatformSupportModulesInManaged (7ms)
				SetLoadedEditorAssemblies (1ms)
				RefreshPlugins (1ms)
				BeforeProcessingInitializeOnLoad (74ms)
				ProcessInitializeOnLoadAttributes (672ms)
				ProcessInitializeOnLoadMethodAttributes (79ms)
				AfterProcessingInitializeOnLoad (7ms)
				EditorAssembliesLoaded (0ms)
			ExecutionOrderSort2 (0ms)
			AwakeInstancesAfterBackupRestoration (8ms)
Platform modules already initialized, skipping
Refreshing native plugins compatible for Editor in 1.23 ms, found 4 plugins.
Preloading 0 native plugins for Editor in 0.00 ms.
Unloading 3873 Unused Serialized files (Serialized files now loaded: 0)
Unloading 50 unused Assets / (22.9 KB). Loaded Objects now: 4360.
Memory consumption went from 150.8 MB to 150.8 MB.
Total: 3.806200 ms (FindLiveObjects: 0.416500 ms CreateObjectMapping: 0.235300 ms MarkObjects: 3.119600 ms  DeleteObjects: 0.033700 ms)

AssetImportParameters requested are different than current active one (requested -> active):
  custom:video-decoder-ogg-theora: a1e56fd34408186e4bbccfd4996cb3dc -> 
  custom:container-muxer-webm: aa71ff27fc2769a1b78a27578f13a17b -> 
  custom:container-demuxer-webm: 4f35f7cbe854078d1ac9338744f61a02 -> 
  custom:video-encoder-webm-vp8: eb34c28f22e8b96e1ab97ce403110664 -> 
  custom:CustomObjectIndexerAttribute: bc11b3a6c3213fcdd17b65e7da85e133 -> 
  custom:audio-encoder-webm-vorbis: bf7c407c2cedff20999df2af8eb42d56 -> 
  custom:framework-win-MediaFoundation: 216162199b28c13a410421893ffa2e32 -> 
  custom:SearchIndexIgnoredProperties: e643bd26f0fe6173181afceb89e7c659 -> 
  custom:container-demuxer-ogg: 62fdf1f143b41e24485cea50d1cbac27 -> 
  custom:video-decoder-webm-vp8: 9c59270c3fd7afecdb556c50c9e8de78 -> 
  custom:audio-decoder-ogg-vorbis: bf7c407c2cedff20999df2af8eb42d56 -> 
========================================================================
Received Import Request.
  Time since last request: 33.760142 seconds.
  path: Assets/Classify/Scripts/Common/Events/IntEventListener.cs
  artifactKey: Guid(8e135d888ad24024f90a15e07ae82bbc) Importer(815301076,1909f56bfc062723c751e8b465ee728b)
Number of updated assets reloaded before import = 0
Start importing Assets/Classify/Scripts/Common/Events/IntEventListener.cs using Guid(8e135d888ad24024f90a15e07ae82bbc) Importer(815301076,1909f56bfc062723c751e8b465ee728b)  -> (artifact id: '021194005ff1da24e3ebe35b50d6dfa4') in 0.009282 seconds 
Number of asset objects unloaded after import = 0
========================================================================
Received Import Request.
  Time since last request: 84.512234 seconds.
  path: Assets/Classify/Scripts/Common/Events/VoidEventListener.cs
  artifactKey: Guid(0ba826e9d52310a43b98dffc289c71b2) Importer(815301076,1909f56bfc062723c751e8b465ee728b)
Number of updated assets reloaded before import = 0
Start importing Assets/Classify/Scripts/Common/Events/VoidEventListener.cs using Guid(0ba826e9d52310a43b98dffc289c71b2) Importer(815301076,1909f56bfc062723c751e8b465ee728b)  -> (artifact id: '469a99ded1c734822f94961149832d0e') in 0.001264 seconds 
Number of asset objects unloaded after import = 0
========================================================================
Received Import Request.
  Time since last request: 15.402508 seconds.
  path: Assets/Classify/Scripts/Common/ScriptableFields
  artifactKey: Guid(d7809039802672640823ad65be7686ba) Importer(815301076,1909f56bfc062723c751e8b465ee728b)
Number of updated assets reloaded before import = 0
Start importing Assets/Classify/Scripts/Common/ScriptableFields using Guid(d7809039802672640823ad65be7686ba) Importer(815301076,1909f56bfc062723c751e8b465ee728b)  -> (artifact id: '989185a383b1d06ed232cf80142a0f69') in 0.001314 seconds 
Number of asset objects unloaded after import = 0
========================================================================
Received Import Request.
  Time since last request: 7.446129 seconds.
  path: Assets/Classify/Scripts/Gameplay/ClickableItem.cs
  artifactKey: Guid(469c00b4468b0fa4f8f01ba1b948d063) Importer(815301076,1909f56bfc062723c751e8b465ee728b)
Number of updated assets reloaded before import = 0
Start importing Assets/Classify/Scripts/Gameplay/ClickableItem.cs using Guid(469c00b4468b0fa4f8f01ba1b948d063) Importer(815301076,1909f56bfc062723c751e8b465ee728b)  -> (artifact id: '75e379aabfd4761ed69b6f4b8538610d') in 0.001430 seconds 
Number of asset objects unloaded after import = 0
========================================================================
Received Import Request.
  Time since last request: 46.789486 seconds.
  path: Assets/Classify/Scripts/Gameplay/ColorGate.cs
  artifactKey: Guid(638c21017720ef44387302c740cad026) Importer(815301076,1909f56bfc062723c751e8b465ee728b)
Number of updated assets reloaded before import = 0
Start importing Assets/Classify/Scripts/Gameplay/ColorGate.cs using Guid(638c21017720ef44387302c740cad026) Importer(815301076,1909f56bfc062723c751e8b465ee728b)  -> (artifact id: '6cdfc62a1c1ddde7a3fac881a8041e75') in 0.001406 seconds 
Number of asset objects unloaded after import = 0
========================================================================
Received Import Request.
  Time since last request: 18.829238 seconds.
  path: Assets/Classify/Scripts/Gameplay/ColorItem.cs
  artifactKey: Guid(13ad11afaa5f1574288d8e23b673ed26) Importer(815301076,1909f56bfc062723c751e8b465ee728b)
Number of updated assets reloaded before import = 0
Start importing Assets/Classify/Scripts/Gameplay/ColorItem.cs using Guid(13ad11afaa5f1574288d8e23b673ed26) Importer(815301076,1909f56bfc062723c751e8b465ee728b)  -> (artifact id: '28fef9c2da28ccad2d53dbfd6bc72ce9') in 0.001244 seconds 
Number of asset objects unloaded after import = 0
========================================================================
Received Import Request.
  Time since last request: 29.413104 seconds.
  path: Assets/Classify/Scripts/Gameplay/ColorItemGenerator.cs
  artifactKey: Guid(fc9c9d2360ba6ba47a07ae511a9ba444) Importer(815301076,1909f56bfc062723c751e8b465ee728b)
Number of updated assets reloaded before import = 0
Start importing Assets/Classify/Scripts/Gameplay/ColorItemGenerator.cs using Guid(fc9c9d2360ba6ba47a07ae511a9ba444) Importer(815301076,1909f56bfc062723c751e8b465ee728b)  -> (artifact id: 'da5133523342c4c3f46e36886100a421') in 0.001288 seconds 
Number of asset objects unloaded after import = 0
========================================================================
Received Import Request.
  Time since last request: 8.557554 seconds.
  path: Assets/Classify/Scripts/Gameplay/ColorRotatorSwitch.cs
  artifactKey: Guid(b8f4e8204d7f6244ca557bd942ca0424) Importer(815301076,1909f56bfc062723c751e8b465ee728b)
Number of updated assets reloaded before import = 0
Start importing Assets/Classify/Scripts/Gameplay/ColorRotatorSwitch.cs using Guid(b8f4e8204d7f6244ca557bd942ca0424) Importer(815301076,1909f56bfc062723c751e8b465ee728b)  -> (artifact id: '4081c924546b5b8ba5a01b46ede0b275') in 0.001386 seconds 
Number of asset objects unloaded after import = 0
========================================================================
Received Import Request.
  Time since last request: 11.884022 seconds.
  path: Assets/Classify/Scripts/Gameplay/ColorsDirectionIndicator.cs
  artifactKey: Guid(33786ef3734abf4419adcceda29dc7b7) Importer(815301076,1909f56bfc062723c751e8b465ee728b)
Number of updated assets reloaded before import = 0
Start importing Assets/Classify/Scripts/Gameplay/ColorsDirectionIndicator.cs using Guid(33786ef3734abf4419adcceda29dc7b7) Importer(815301076,1909f56bfc062723c751e8b465ee728b)  -> (artifact id: '2deb72a4436986660823c50503529e1c') in 0.001210 seconds 
Number of asset objects unloaded after import = 0
========================================================================
Received Import Request.
  Time since last request: 16.724519 seconds.
  path: Assets/Classify/Scripts/Gameplay/ColorsGameplayManager.cs
  artifactKey: Guid(650850e10d4663e4f8c8e0b524e4b268) Importer(815301076,1909f56bfc062723c751e8b465ee728b)
Number of updated assets reloaded before import = 0
Start importing Assets/Classify/Scripts/Gameplay/ColorsGameplayManager.cs using Guid(650850e10d4663e4f8c8e0b524e4b268) Importer(815301076,1909f56bfc062723c751e8b465ee728b)  -> (artifact id: '9da3e5a95addf96eff8d0a4b60003b5e') in 0.001306 seconds 
Number of asset objects unloaded after import = 0
========================================================================
Received Import Request.
  Time since last request: 9.836888 seconds.
  path: Assets/Classify/Scripts/Gameplay/GameplayManager.cs
  artifactKey: Guid(49a5dd408321b124b99c892ddea731c6) Importer(815301076,1909f56bfc062723c751e8b465ee728b)
Number of updated assets reloaded before import = 0
Start importing Assets/Classify/Scripts/Gameplay/GameplayManager.cs using Guid(49a5dd408321b124b99c892ddea731c6) Importer(815301076,1909f56bfc062723c751e8b465ee728b)  -> (artifact id: '2fc03c86cb13f1d50d7dc90d1e4baa21') in 0.001361 seconds 
Number of asset objects unloaded after import = 0
========================================================================
Received Import Request.
  Time since last request: 20.340253 seconds.
  path: Assets/Classify/Scripts/Gameplay/GameStateField.cs
  artifactKey: Guid(a43e94fa4f3702a45a1e56d4232b8535) Importer(815301076,1909f56bfc062723c751e8b465ee728b)
Number of updated assets reloaded before import = 0
Start importing Assets/Classify/Scripts/Gameplay/GameStateField.cs using Guid(a43e94fa4f3702a45a1e56d4232b8535) Importer(815301076,1909f56bfc062723c751e8b465ee728b)  -> (artifact id: '99c2dc5b496d4bd99e2147bfc8888954') in 0.001420 seconds 
Number of asset objects unloaded after import = 0
========================================================================
Received Import Request.
  Time since last request: 8.092612 seconds.
  path: Assets/Classify/Scripts/Gameplay/Gate.cs
  artifactKey: Guid(1537be1f2a538fe479c9b112c6adb7bc) Importer(815301076,1909f56bfc062723c751e8b465ee728b)
Number of updated assets reloaded before import = 0
Start importing Assets/Classify/Scripts/Gameplay/Gate.cs using Guid(1537be1f2a538fe479c9b112c6adb7bc) Importer(815301076,1909f56bfc062723c751e8b465ee728b)  -> (artifact id: 'bac1f5c0ca37bbb09fa562fcf22a8bb0') in 0.001291 seconds 
Number of asset objects unloaded after import = 0
========================================================================
Received Import Request.
  Time since last request: 8.517772 seconds.
  path: Assets/Classify/Scripts/Gameplay/Item.cs
  artifactKey: Guid(053fc66731cbe6449a1a50cf39dc0efa) Importer(815301076,1909f56bfc062723c751e8b465ee728b)
Number of updated assets reloaded before import = 0
Start importing Assets/Classify/Scripts/Gameplay/Item.cs using Guid(053fc66731cbe6449a1a50cf39dc0efa) Importer(815301076,1909f56bfc062723c751e8b465ee728b)  -> (artifact id: '8c30d4cb6e0f5b0257300850e88b2915') in 0.001219 seconds 
Number of asset objects unloaded after import = 0
========================================================================
Received Import Request.
  Time since last request: 9.179485 seconds.
  path: Assets/Classify/Scripts/Gameplay/ItemGenerator.cs
  artifactKey: Guid(1fc4ce78d71f26444965cadc4defe87a) Importer(815301076,1909f56bfc062723c751e8b465ee728b)
Number of updated assets reloaded before import = 0
Start importing Assets/Classify/Scripts/Gameplay/ItemGenerator.cs using Guid(1fc4ce78d71f26444965cadc4defe87a) Importer(815301076,1909f56bfc062723c751e8b465ee728b)  -> (artifact id: '5d9e794b1db869ab2b2fe22d0036f27a') in 0.001277 seconds 
Number of asset objects unloaded after import = 0
========================================================================
Received Import Request.
  Time since last request: 8.036906 seconds.
  path: Assets/Classify/Scripts/Gameplay/Switch.cs
  artifactKey: Guid(8c88e958ccddeed428484e3cdef79dac) Importer(815301076,1909f56bfc062723c751e8b465ee728b)
Number of updated assets reloaded before import = 0
Start importing Assets/Classify/Scripts/Gameplay/Switch.cs using Guid(8c88e958ccddeed428484e3cdef79dac) Importer(815301076,1909f56bfc062723c751e8b465ee728b)  -> (artifact id: 'abddc69048c6a0c10ae1af269f7ed57d') in 0.001399 seconds 
Number of asset objects unloaded after import = 0
========================================================================
Received Import Request.
  Time since last request: 20.396352 seconds.
  path: Assets/Classify/Scripts/UI/CounterDown.cs
  artifactKey: Guid(7d1251977e585654392bf8f821752e8a) Importer(815301076,1909f56bfc062723c751e8b465ee728b)
Number of updated assets reloaded before import = 0
Start importing Assets/Classify/Scripts/UI/CounterDown.cs using Guid(7d1251977e585654392bf8f821752e8a) Importer(815301076,1909f56bfc062723c751e8b465ee728b)  -> (artifact id: '5931acd1b4441a0fb689432ebbec5725') in 0.001283 seconds 
Number of asset objects unloaded after import = 0
========================================================================
Received Import Request.
  Time since last request: 34.949581 seconds.
  path: Assets/Classify/Scripts/UI/GameplayUI.cs
  artifactKey: Guid(5b56124e3ccbf14479ffaf28cef8855c) Importer(815301076,1909f56bfc062723c751e8b465ee728b)
Number of updated assets reloaded before import = 0
Start importing Assets/Classify/Scripts/UI/GameplayUI.cs using Guid(5b56124e3ccbf14479ffaf28cef8855c) Importer(815301076,1909f56bfc062723c751e8b465ee728b)  -> (artifact id: '9e871883e4167bebfc31820c20f60c4a') in 0.001392 seconds 
Number of asset objects unloaded after import = 0
========================================================================
Received Import Request.
  Time since last request: 7.692817 seconds.
  path: Assets/Classify/Scripts/UI/HighScoreText.cs
  artifactKey: Guid(e7c480c2f4c35714eab58e4cb3c1a3ed) Importer(815301076,1909f56bfc062723c751e8b465ee728b)
Number of updated assets reloaded before import = 0
Start importing Assets/Classify/Scripts/UI/HighScoreText.cs using Guid(e7c480c2f4c35714eab58e4cb3c1a3ed) Importer(815301076,1909f56bfc062723c751e8b465ee728b)  -> (artifact id: '5109a7ff807ac02ae1ec56be1982ef89') in 0.001386 seconds 
Number of asset objects unloaded after import = 0
========================================================================
Received Import Request.
  Time since last request: 8.419896 seconds.
  path: Assets/Classify/Scripts/UI/LivesController.cs
  artifactKey: Guid(748eee90e6150c34186c2ceac7809c82) Importer(815301076,1909f56bfc062723c751e8b465ee728b)
Number of updated assets reloaded before import = 0
Start importing Assets/Classify/Scripts/UI/LivesController.cs using Guid(748eee90e6150c34186c2ceac7809c82) Importer(815301076,1909f56bfc062723c751e8b465ee728b)  -> (artifact id: 'c0c05b81562bc7afc6747a7643cce77a') in 0.001227 seconds 
Number of asset objects unloaded after import = 0
========================================================================
Received Import Request.
  Time since last request: 9.007263 seconds.
  path: Assets/Classify/Scripts/UI/MainMenuScreen.cs
  artifactKey: Guid(7e0b1ce4f226724449a61e9438de448e) Importer(815301076,1909f56bfc062723c751e8b465ee728b)
Number of updated assets reloaded before import = 0
Start importing Assets/Classify/Scripts/UI/MainMenuScreen.cs using Guid(7e0b1ce4f226724449a61e9438de448e) Importer(815301076,1909f56bfc062723c751e8b465ee728b)  -> (artifact id: 'ab9e7189092ded341a7e50e15d9a930b') in 0.001396 seconds 
Number of asset objects unloaded after import = 0
========================================================================
Received Import Request.
  Time since last request: 13.540166 seconds.
  path: Assets/Classify/Scripts/UI/UIManager.cs
  artifactKey: Guid(07785db9d15572b488c34598392b11cd) Importer(815301076,1909f56bfc062723c751e8b465ee728b)
Number of updated assets reloaded before import = 0
Start importing Assets/Classify/Scripts/UI/UIManager.cs using Guid(07785db9d15572b488c34598392b11cd) Importer(815301076,1909f56bfc062723c751e8b465ee728b)  -> (artifact id: '845e765428de1dfb1c9aef1ce923df14') in 0.001281 seconds 
Number of asset objects unloaded after import = 0
========================================================================
Received Import Request.
  Time since last request: 8.307454 seconds.
  path: Assets/Classify/Scripts/UI/ScoreTweener.cs
  artifactKey: Guid(313fa9fac8a947c4aa05ae8a4b04a6ab) Importer(815301076,1909f56bfc062723c751e8b465ee728b)
Number of updated assets reloaded before import = 0
Start importing Assets/Classify/Scripts/UI/ScoreTweener.cs using Guid(313fa9fac8a947c4aa05ae8a4b04a6ab) Importer(815301076,1909f56bfc062723c751e8b465ee728b)  -> (artifact id: '517d76129ff450a1670bad3e054fb832') in 0.001462 seconds 
Number of asset objects unloaded after import = 0
========================================================================
Received Import Request.
  Time since last request: 18.853566 seconds.
  path: Assets/Classify/Scripts/UI/UIScreen.cs
  artifactKey: Guid(7224c63a5d4810b4bb605dc07ac6f0c4) Importer(815301076,1909f56bfc062723c751e8b465ee728b)
Number of updated assets reloaded before import = 0
Start importing Assets/Classify/Scripts/UI/UIScreen.cs using Guid(7224c63a5d4810b4bb605dc07ac6f0c4) Importer(815301076,1909f56bfc062723c751e8b465ee728b)  -> (artifact id: '4e3613de988a7e1e27a75c051ccf9cfc') in 0.001295 seconds 
Number of asset objects unloaded after import = 0
